<?xml version="1.0" encoding="UTF-8"?>
<!-- Generated by org.testng.reporters.JUnitReportReporter -->
<testsuite skipped="0" hostname="DESKTOP-5R2687L" name="testScripts.Module2" tests="1" failures="0" timestamp="21 Apr 2019 06:23:19 GMT" time="33.168" errors="0">
  <testcase name="TC203" time="33.168" classname="testScripts.Module2"/>
</testsuite> <!-- testScripts.Module2 -->
